[2024-09-28T13:34:39.527+0000] {taskinstance.py:1087} INFO - Dependencies all met for <TaskInstance: DD.starting scheduled__2020-03-18T00:15:00+00:00 [queued]>
[2024-09-28T13:34:39.543+0000] {taskinstance.py:1087} INFO - Dependencies all met for <TaskInstance: DD.starting scheduled__2020-03-18T00:15:00+00:00 [queued]>
[2024-09-28T13:34:39.544+0000] {taskinstance.py:1283} INFO - 
--------------------------------------------------------------------------------
[2024-09-28T13:34:39.544+0000] {taskinstance.py:1284} INFO - Starting attempt 1 of 2
[2024-09-28T13:34:39.544+0000] {taskinstance.py:1285} INFO - 
--------------------------------------------------------------------------------
[2024-09-28T13:34:39.573+0000] {taskinstance.py:1304} INFO - Executing <Task(BashOperator): starting> on 2020-03-18 00:15:00+00:00
[2024-09-28T13:34:39.576+0000] {standard_task_runner.py:55} INFO - Started process 2405 to run task
[2024-09-28T13:34:39.580+0000] {standard_task_runner.py:82} INFO - Running: ['airflow', 'tasks', 'run', 'DD', 'starting', 'scheduled__2020-03-18T00:15:00+00:00', '--job-id', '141', '--raw', '--subdir', 'DAGS_FOLDER/1.py', '--cfg-path', '/tmp/tmpd5n23j1s']
[2024-09-28T13:34:39.581+0000] {standard_task_runner.py:83} INFO - Job 141: Subtask starting
[2024-09-28T13:34:39.675+0000] {task_command.py:389} INFO - Running <TaskInstance: DD.starting scheduled__2020-03-18T00:15:00+00:00 [running]> on host a613a4933f38
[2024-09-28T13:34:39.937+0000] {taskinstance.py:1513} INFO - Exporting the following env vars:
AIRFLOW_CTX_DAG_OWNER=paulcrickard
AIRFLOW_CTX_DAG_ID=DD
AIRFLOW_CTX_TASK_ID=starting
AIRFLOW_CTX_EXECUTION_DATE=2020-03-18T00:15:00+00:00
AIRFLOW_CTX_TRY_NUMBER=1
AIRFLOW_CTX_DAG_RUN_ID=scheduled__2020-03-18T00:15:00+00:00
[2024-09-28T13:34:39.938+0000] {subprocess.py:63} INFO - Tmp dir root location: 
 /tmp
[2024-09-28T13:34:39.940+0000] {subprocess.py:75} INFO - Running command: ['/bin/bash', '-c', 'echo "I am reading the csv now...."']
[2024-09-28T13:34:39.947+0000] {subprocess.py:86} INFO - Output:
[2024-09-28T13:34:39.949+0000] {subprocess.py:93} INFO - I am reading the csv now....
[2024-09-28T13:34:39.950+0000] {subprocess.py:97} INFO - Command exited with return code 0
[2024-09-28T13:34:39.999+0000] {taskinstance.py:1327} INFO - Marking task as SUCCESS. dag_id=DD, task_id=starting, execution_date=20200318T001500, start_date=20240928T133439, end_date=20240928T133439
[2024-09-28T13:34:40.074+0000] {local_task_job.py:159} INFO - Task exited with return code 0
[2024-09-28T13:34:40.112+0000] {taskinstance.py:2582} INFO - 1 downstream tasks scheduled from follow-on schedule check
