[2024-09-29T16:39:01.740+0000] {taskinstance.py:1087} INFO - Dependencies all met for <TaskInstance: ETL.END manual__2024-09-29T16:38:45.784513+00:00 [queued]>
[2024-09-29T16:39:01.755+0000] {taskinstance.py:1087} INFO - Dependencies all met for <TaskInstance: ETL.END manual__2024-09-29T16:38:45.784513+00:00 [queued]>
[2024-09-29T16:39:01.756+0000] {taskinstance.py:1283} INFO - 
--------------------------------------------------------------------------------
[2024-09-29T16:39:01.756+0000] {taskinstance.py:1284} INFO - Starting attempt 1 of 1
[2024-09-29T16:39:01.756+0000] {taskinstance.py:1285} INFO - 
--------------------------------------------------------------------------------
[2024-09-29T16:39:01.785+0000] {taskinstance.py:1304} INFO - Executing <Task(PythonOperator): END> on 2024-09-29 16:38:45.784513+00:00
[2024-09-29T16:39:01.788+0000] {standard_task_runner.py:55} INFO - Started process 853 to run task
[2024-09-29T16:39:01.791+0000] {standard_task_runner.py:82} INFO - Running: ['airflow', 'tasks', 'run', 'ETL', 'END', 'manual__2024-09-29T16:38:45.784513+00:00', '--job-id', '278', '--raw', '--subdir', 'DAGS_FOLDER/first_dag.py', '--cfg-path', '/tmp/tmp_87ytliw']
[2024-09-29T16:39:01.792+0000] {standard_task_runner.py:83} INFO - Job 278: Subtask END
[2024-09-29T16:39:01.860+0000] {task_command.py:389} INFO - Running <TaskInstance: ETL.END manual__2024-09-29T16:38:45.784513+00:00 [running]> on host a8bd47e3eb35
[2024-09-29T16:39:01.956+0000] {taskinstance.py:1513} INFO - Exporting the following env vars:
AIRFLOW_CTX_DAG_OWNER=airflow
AIRFLOW_CTX_DAG_ID=ETL
AIRFLOW_CTX_TASK_ID=END
AIRFLOW_CTX_EXECUTION_DATE=2024-09-29T16:38:45.784513+00:00
AIRFLOW_CTX_TRY_NUMBER=1
AIRFLOW_CTX_DAG_RUN_ID=manual__2024-09-29T16:38:45.784513+00:00
[2024-09-29T16:39:01.958+0000] {logging_mixin.py:137} INFO - ETL process finished.
[2024-09-29T16:39:01.958+0000] {python.py:177} INFO - Done. Returned value was: None
[2024-09-29T16:39:01.968+0000] {taskinstance.py:1327} INFO - Marking task as SUCCESS. dag_id=ETL, task_id=END, execution_date=20240929T163845, start_date=20240929T163901, end_date=20240929T163901
[2024-09-29T16:39:02.004+0000] {local_task_job.py:159} INFO - Task exited with return code 0
[2024-09-29T16:39:02.019+0000] {taskinstance.py:2582} INFO - 0 downstream tasks scheduled from follow-on schedule check
