[2024-09-28T13:34:55.613+0000] {taskinstance.py:1087} INFO - Dependencies all met for <TaskInstance: DD.starting scheduled__2020-03-18T00:25:00+00:00 [queued]>
[2024-09-28T13:34:55.625+0000] {taskinstance.py:1087} INFO - Dependencies all met for <TaskInstance: DD.starting scheduled__2020-03-18T00:25:00+00:00 [queued]>
[2024-09-28T13:34:55.625+0000] {taskinstance.py:1283} INFO - 
--------------------------------------------------------------------------------
[2024-09-28T13:34:55.626+0000] {taskinstance.py:1284} INFO - Starting attempt 1 of 2
[2024-09-28T13:34:55.626+0000] {taskinstance.py:1285} INFO - 
--------------------------------------------------------------------------------
[2024-09-28T13:34:55.653+0000] {taskinstance.py:1304} INFO - Executing <Task(BashOperator): starting> on 2020-03-18 00:25:00+00:00
[2024-09-28T13:34:55.657+0000] {standard_task_runner.py:55} INFO - Started process 2456 to run task
[2024-09-28T13:34:55.661+0000] {standard_task_runner.py:82} INFO - Running: ['airflow', 'tasks', 'run', 'DD', 'starting', 'scheduled__2020-03-18T00:25:00+00:00', '--job-id', '145', '--raw', '--subdir', 'DAGS_FOLDER/1.py', '--cfg-path', '/tmp/tmp7d8l0nxr']
[2024-09-28T13:34:55.663+0000] {standard_task_runner.py:83} INFO - Job 145: Subtask starting
[2024-09-28T13:34:55.864+0000] {task_command.py:389} INFO - Running <TaskInstance: DD.starting scheduled__2020-03-18T00:25:00+00:00 [running]> on host a613a4933f38
[2024-09-28T13:34:55.951+0000] {taskinstance.py:1513} INFO - Exporting the following env vars:
AIRFLOW_CTX_DAG_OWNER=paulcrickard
AIRFLOW_CTX_DAG_ID=DD
AIRFLOW_CTX_TASK_ID=starting
AIRFLOW_CTX_EXECUTION_DATE=2020-03-18T00:25:00+00:00
AIRFLOW_CTX_TRY_NUMBER=1
AIRFLOW_CTX_DAG_RUN_ID=scheduled__2020-03-18T00:25:00+00:00
[2024-09-28T13:34:55.952+0000] {subprocess.py:63} INFO - Tmp dir root location: 
 /tmp
[2024-09-28T13:34:55.954+0000] {subprocess.py:75} INFO - Running command: ['/bin/bash', '-c', 'echo "I am reading the csv now...."']
[2024-09-28T13:34:55.962+0000] {subprocess.py:86} INFO - Output:
[2024-09-28T13:34:55.964+0000] {subprocess.py:93} INFO - I am reading the csv now....
[2024-09-28T13:34:55.964+0000] {subprocess.py:97} INFO - Command exited with return code 0
[2024-09-28T13:34:55.999+0000] {taskinstance.py:1327} INFO - Marking task as SUCCESS. dag_id=DD, task_id=starting, execution_date=20200318T002500, start_date=20240928T133455, end_date=20240928T133455
[2024-09-28T13:34:56.034+0000] {local_task_job.py:159} INFO - Task exited with return code 0
[2024-09-28T13:34:56.064+0000] {taskinstance.py:2582} INFO - 1 downstream tasks scheduled from follow-on schedule check
