[2024-09-28T13:35:17.322+0000] {taskinstance.py:1087} INFO - Dependencies all met for <TaskInstance: DD.starting scheduled__2020-03-18T00:40:00+00:00 [queued]>
[2024-09-28T13:35:17.342+0000] {taskinstance.py:1087} INFO - Dependencies all met for <TaskInstance: DD.starting scheduled__2020-03-18T00:40:00+00:00 [queued]>
[2024-09-28T13:35:17.343+0000] {taskinstance.py:1283} INFO - 
--------------------------------------------------------------------------------
[2024-09-28T13:35:17.343+0000] {taskinstance.py:1284} INFO - Starting attempt 1 of 2
[2024-09-28T13:35:17.343+0000] {taskinstance.py:1285} INFO - 
--------------------------------------------------------------------------------
[2024-09-28T13:35:17.376+0000] {taskinstance.py:1304} INFO - Executing <Task(BashOperator): starting> on 2020-03-18 00:40:00+00:00
[2024-09-28T13:35:17.382+0000] {standard_task_runner.py:55} INFO - Started process 2533 to run task
[2024-09-28T13:35:17.386+0000] {standard_task_runner.py:82} INFO - Running: ['airflow', 'tasks', 'run', 'DD', 'starting', 'scheduled__2020-03-18T00:40:00+00:00', '--job-id', '151', '--raw', '--subdir', 'DAGS_FOLDER/1.py', '--cfg-path', '/tmp/tmpgw01834f']
[2024-09-28T13:35:17.388+0000] {standard_task_runner.py:83} INFO - Job 151: Subtask starting
[2024-09-28T13:35:17.584+0000] {task_command.py:389} INFO - Running <TaskInstance: DD.starting scheduled__2020-03-18T00:40:00+00:00 [running]> on host a613a4933f38
[2024-09-28T13:35:17.695+0000] {taskinstance.py:1513} INFO - Exporting the following env vars:
AIRFLOW_CTX_DAG_OWNER=paulcrickard
AIRFLOW_CTX_DAG_ID=DD
AIRFLOW_CTX_TASK_ID=starting
AIRFLOW_CTX_EXECUTION_DATE=2020-03-18T00:40:00+00:00
AIRFLOW_CTX_TRY_NUMBER=1
AIRFLOW_CTX_DAG_RUN_ID=scheduled__2020-03-18T00:40:00+00:00
[2024-09-28T13:35:17.696+0000] {subprocess.py:63} INFO - Tmp dir root location: 
 /tmp
[2024-09-28T13:35:17.697+0000] {subprocess.py:75} INFO - Running command: ['/bin/bash', '-c', 'echo "I am reading the csv now...."']
[2024-09-28T13:35:17.704+0000] {subprocess.py:86} INFO - Output:
[2024-09-28T13:35:17.705+0000] {subprocess.py:93} INFO - I am reading the csv now....
[2024-09-28T13:35:17.706+0000] {subprocess.py:97} INFO - Command exited with return code 0
[2024-09-28T13:35:17.747+0000] {taskinstance.py:1327} INFO - Marking task as SUCCESS. dag_id=DD, task_id=starting, execution_date=20200318T004000, start_date=20240928T133517, end_date=20240928T133517
[2024-09-28T13:35:17.800+0000] {local_task_job.py:159} INFO - Task exited with return code 0
[2024-09-28T13:35:17.837+0000] {taskinstance.py:2582} INFO - 1 downstream tasks scheduled from follow-on schedule check
