[2024-09-28T13:40:26.496+0000] {taskinstance.py:1087} INFO - Dependencies all met for <TaskInstance: DD.starting scheduled__2024-09-28T13:35:14.250820+00:00 [queued]>
[2024-09-28T13:40:26.510+0000] {taskinstance.py:1087} INFO - Dependencies all met for <TaskInstance: DD.starting scheduled__2024-09-28T13:35:14.250820+00:00 [queued]>
[2024-09-28T13:40:26.511+0000] {taskinstance.py:1283} INFO - 
--------------------------------------------------------------------------------
[2024-09-28T13:40:26.511+0000] {taskinstance.py:1284} INFO - Starting attempt 1 of 2
[2024-09-28T13:40:26.511+0000] {taskinstance.py:1285} INFO - 
--------------------------------------------------------------------------------
[2024-09-28T13:40:26.542+0000] {taskinstance.py:1304} INFO - Executing <Task(BashOperator): starting> on 2024-09-28 13:35:14.250820+00:00
[2024-09-28T13:40:26.546+0000] {standard_task_runner.py:55} INFO - Started process 2948 to run task
[2024-09-28T13:40:26.548+0000] {standard_task_runner.py:82} INFO - Running: ['airflow', 'tasks', 'run', 'DD', 'starting', 'scheduled__2024-09-28T13:35:14.250820+00:00', '--job-id', '182', '--raw', '--subdir', 'DAGS_FOLDER/1.py', '--cfg-path', '/tmp/tmpfyftyjz8']
[2024-09-28T13:40:26.550+0000] {standard_task_runner.py:83} INFO - Job 182: Subtask starting
[2024-09-28T13:40:26.617+0000] {task_command.py:389} INFO - Running <TaskInstance: DD.starting scheduled__2024-09-28T13:35:14.250820+00:00 [running]> on host a613a4933f38
[2024-09-28T13:40:26.797+0000] {taskinstance.py:1513} INFO - Exporting the following env vars:
AIRFLOW_CTX_DAG_OWNER=paulcrickard
AIRFLOW_CTX_DAG_ID=DD
AIRFLOW_CTX_TASK_ID=starting
AIRFLOW_CTX_EXECUTION_DATE=2024-09-28T13:35:14.250820+00:00
AIRFLOW_CTX_TRY_NUMBER=1
AIRFLOW_CTX_DAG_RUN_ID=scheduled__2024-09-28T13:35:14.250820+00:00
[2024-09-28T13:40:26.798+0000] {subprocess.py:63} INFO - Tmp dir root location: 
 /tmp
[2024-09-28T13:40:26.799+0000] {subprocess.py:75} INFO - Running command: ['/bin/bash', '-c', 'echo "I am reading the CSV now..."']
[2024-09-28T13:40:26.805+0000] {subprocess.py:86} INFO - Output:
[2024-09-28T13:40:26.807+0000] {subprocess.py:93} INFO - I am reading the CSV now...
[2024-09-28T13:40:26.807+0000] {subprocess.py:97} INFO - Command exited with return code 0
[2024-09-28T13:40:26.839+0000] {taskinstance.py:1327} INFO - Marking task as SUCCESS. dag_id=DD, task_id=starting, execution_date=20240928T133514, start_date=20240928T134026, end_date=20240928T134026
[2024-09-28T13:40:26.882+0000] {local_task_job.py:159} INFO - Task exited with return code 0
[2024-09-28T13:40:26.914+0000] {taskinstance.py:2582} INFO - 1 downstream tasks scheduled from follow-on schedule check
