[2024-09-27T23:47:44.294+0000] {taskinstance.py:1087} INFO - Dependencies all met for <TaskInstance: welcome_dag.print_welcome manual__2024-09-27T23:47:40.068049+00:00 [queued]>
[2024-09-27T23:47:44.314+0000] {taskinstance.py:1087} INFO - Dependencies all met for <TaskInstance: welcome_dag.print_welcome manual__2024-09-27T23:47:40.068049+00:00 [queued]>
[2024-09-27T23:47:44.314+0000] {taskinstance.py:1283} INFO - 
--------------------------------------------------------------------------------
[2024-09-27T23:47:44.315+0000] {taskinstance.py:1284} INFO - Starting attempt 1 of 1
[2024-09-27T23:47:44.315+0000] {taskinstance.py:1285} INFO - 
--------------------------------------------------------------------------------
[2024-09-27T23:47:44.356+0000] {taskinstance.py:1304} INFO - Executing <Task(PythonOperator): print_welcome> on 2024-09-27 23:47:40.068049+00:00
[2024-09-27T23:47:44.375+0000] {standard_task_runner.py:55} INFO - Started process 208 to run task
[2024-09-27T23:47:44.395+0000] {standard_task_runner.py:82} INFO - Running: ['airflow', 'tasks', 'run', 'welcome_dag', 'print_welcome', 'manual__2024-09-27T23:47:40.068049+00:00', '--job-id', '9', '--raw', '--subdir', 'DAGS_FOLDER/welcome_dag.py', '--cfg-path', '/tmp/tmpophw5o0c']
[2024-09-27T23:47:44.403+0000] {standard_task_runner.py:83} INFO - Job 9: Subtask print_welcome
[2024-09-27T23:47:44.707+0000] {task_command.py:389} INFO - Running <TaskInstance: welcome_dag.print_welcome manual__2024-09-27T23:47:40.068049+00:00 [running]> on host fb51fccab4c9
[2024-09-27T23:47:44.885+0000] {taskinstance.py:1513} INFO - Exporting the following env vars:
AIRFLOW_CTX_DAG_OWNER=airflow
AIRFLOW_CTX_DAG_ID=welcome_dag
AIRFLOW_CTX_TASK_ID=print_welcome
AIRFLOW_CTX_EXECUTION_DATE=2024-09-27T23:47:40.068049+00:00
AIRFLOW_CTX_TRY_NUMBER=1
AIRFLOW_CTX_DAG_RUN_ID=manual__2024-09-27T23:47:40.068049+00:00
[2024-09-27T23:47:44.888+0000] {logging_mixin.py:137} INFO - Welcome to Airflow!
[2024-09-27T23:47:44.889+0000] {python.py:177} INFO - Done. Returned value was: None
[2024-09-27T23:47:44.905+0000] {taskinstance.py:1327} INFO - Marking task as SUCCESS. dag_id=welcome_dag, task_id=print_welcome, execution_date=20240927T234740, start_date=20240927T234744, end_date=20240927T234744
[2024-09-27T23:47:44.975+0000] {local_task_job.py:159} INFO - Task exited with return code 0
[2024-09-27T23:47:45.037+0000] {taskinstance.py:2582} INFO - 1 downstream tasks scheduled from follow-on schedule check
