[2024-09-28T13:34:20.228+0000] {taskinstance.py:1087} INFO - Dependencies all met for <TaskInstance: DD.starting manual__2024-09-28T13:34:12.257463+00:00 [queued]>
[2024-09-28T13:34:20.241+0000] {taskinstance.py:1087} INFO - Dependencies all met for <TaskInstance: DD.starting manual__2024-09-28T13:34:12.257463+00:00 [queued]>
[2024-09-28T13:34:20.241+0000] {taskinstance.py:1283} INFO - 
--------------------------------------------------------------------------------
[2024-09-28T13:34:20.242+0000] {taskinstance.py:1284} INFO - Starting attempt 1 of 2
[2024-09-28T13:34:20.242+0000] {taskinstance.py:1285} INFO - 
--------------------------------------------------------------------------------
[2024-09-28T13:34:20.267+0000] {taskinstance.py:1304} INFO - Executing <Task(BashOperator): starting> on 2024-09-28 13:34:12.257463+00:00
[2024-09-28T13:34:20.280+0000] {standard_task_runner.py:55} INFO - Started process 2328 to run task
[2024-09-28T13:34:20.283+0000] {standard_task_runner.py:82} INFO - Running: ['airflow', 'tasks', 'run', 'DD', 'starting', 'manual__2024-09-28T13:34:12.257463+00:00', '--job-id', '135', '--raw', '--subdir', 'DAGS_FOLDER/1.py', '--cfg-path', '/tmp/tmpd3fsp9ch']
[2024-09-28T13:34:20.284+0000] {standard_task_runner.py:83} INFO - Job 135: Subtask starting
[2024-09-28T13:34:20.359+0000] {task_command.py:389} INFO - Running <TaskInstance: DD.starting manual__2024-09-28T13:34:12.257463+00:00 [running]> on host a613a4933f38
[2024-09-28T13:34:20.552+0000] {taskinstance.py:1513} INFO - Exporting the following env vars:
AIRFLOW_CTX_DAG_OWNER=paulcrickard
AIRFLOW_CTX_DAG_ID=DD
AIRFLOW_CTX_TASK_ID=starting
AIRFLOW_CTX_EXECUTION_DATE=2024-09-28T13:34:12.257463+00:00
AIRFLOW_CTX_TRY_NUMBER=1
AIRFLOW_CTX_DAG_RUN_ID=manual__2024-09-28T13:34:12.257463+00:00
[2024-09-28T13:34:20.553+0000] {subprocess.py:63} INFO - Tmp dir root location: 
 /tmp
[2024-09-28T13:34:20.555+0000] {subprocess.py:75} INFO - Running command: ['/bin/bash', '-c', 'echo "I am reading the csv now...."']
[2024-09-28T13:34:20.565+0000] {subprocess.py:86} INFO - Output:
[2024-09-28T13:34:20.567+0000] {subprocess.py:93} INFO - I am reading the csv now....
[2024-09-28T13:34:20.567+0000] {subprocess.py:97} INFO - Command exited with return code 0
[2024-09-28T13:34:20.601+0000] {taskinstance.py:1327} INFO - Marking task as SUCCESS. dag_id=DD, task_id=starting, execution_date=20240928T133412, start_date=20240928T133420, end_date=20240928T133420
[2024-09-28T13:34:20.656+0000] {local_task_job.py:159} INFO - Task exited with return code 0
[2024-09-28T13:34:20.696+0000] {taskinstance.py:2582} INFO - 1 downstream tasks scheduled from follow-on schedule check
