[2024-09-29T16:38:52.438+0000] {taskinstance.py:1087} INFO - Dependencies all met for <TaskInstance: ETL.Extract manual__2024-09-29T16:38:45.784513+00:00 [queued]>
[2024-09-29T16:38:52.449+0000] {taskinstance.py:1087} INFO - Dependencies all met for <TaskInstance: ETL.Extract manual__2024-09-29T16:38:45.784513+00:00 [queued]>
[2024-09-29T16:38:52.450+0000] {taskinstance.py:1283} INFO - 
--------------------------------------------------------------------------------
[2024-09-29T16:38:52.450+0000] {taskinstance.py:1284} INFO - Starting attempt 1 of 1
[2024-09-29T16:38:52.450+0000] {taskinstance.py:1285} INFO - 
--------------------------------------------------------------------------------
[2024-09-29T16:38:52.475+0000] {taskinstance.py:1304} INFO - Executing <Task(PythonOperator): Extract> on 2024-09-29 16:38:45.784513+00:00
[2024-09-29T16:38:52.480+0000] {standard_task_runner.py:55} INFO - Started process 819 to run task
[2024-09-29T16:38:52.482+0000] {standard_task_runner.py:82} INFO - Running: ['airflow', 'tasks', 'run', 'ETL', 'Extract', 'manual__2024-09-29T16:38:45.784513+00:00', '--job-id', '275', '--raw', '--subdir', 'DAGS_FOLDER/first_dag.py', '--cfg-path', '/tmp/tmpoormi0_f']
[2024-09-29T16:38:52.483+0000] {standard_task_runner.py:83} INFO - Job 275: Subtask Extract
[2024-09-29T16:38:52.550+0000] {task_command.py:389} INFO - Running <TaskInstance: ETL.Extract manual__2024-09-29T16:38:45.784513+00:00 [running]> on host a8bd47e3eb35
[2024-09-29T16:38:52.633+0000] {taskinstance.py:1513} INFO - Exporting the following env vars:
AIRFLOW_CTX_DAG_OWNER=airflow
AIRFLOW_CTX_DAG_ID=ETL
AIRFLOW_CTX_TASK_ID=Extract
AIRFLOW_CTX_EXECUTION_DATE=2024-09-29T16:38:45.784513+00:00
AIRFLOW_CTX_TRY_NUMBER=1
AIRFLOW_CTX_DAG_RUN_ID=manual__2024-09-29T16:38:45.784513+00:00
[2024-09-29T16:38:52.634+0000] {logging_mixin.py:137} INFO - Extracting data.
[2024-09-29T16:38:52.635+0000] {python.py:177} INFO - Done. Returned value was: None
[2024-09-29T16:38:52.644+0000] {taskinstance.py:1327} INFO - Marking task as SUCCESS. dag_id=ETL, task_id=Extract, execution_date=20240929T163845, start_date=20240929T163852, end_date=20240929T163852
[2024-09-29T16:38:52.695+0000] {local_task_job.py:159} INFO - Task exited with return code 0
[2024-09-29T16:38:52.727+0000] {taskinstance.py:2582} INFO - 1 downstream tasks scheduled from follow-on schedule check
