[2024-09-29T16:38:49.483+0000] {taskinstance.py:1087} INFO - Dependencies all met for <TaskInstance: ETL.START manual__2024-09-29T16:38:45.784513+00:00 [queued]>
[2024-09-29T16:38:49.503+0000] {taskinstance.py:1087} INFO - Dependencies all met for <TaskInstance: ETL.START manual__2024-09-29T16:38:45.784513+00:00 [queued]>
[2024-09-29T16:38:49.503+0000] {taskinstance.py:1283} INFO - 
--------------------------------------------------------------------------------
[2024-09-29T16:38:49.504+0000] {taskinstance.py:1284} INFO - Starting attempt 1 of 1
[2024-09-29T16:38:49.504+0000] {taskinstance.py:1285} INFO - 
--------------------------------------------------------------------------------
[2024-09-29T16:38:49.534+0000] {taskinstance.py:1304} INFO - Executing <Task(PythonOperator): START> on 2024-09-29 16:38:45.784513+00:00
[2024-09-29T16:38:49.538+0000] {standard_task_runner.py:55} INFO - Started process 808 to run task
[2024-09-29T16:38:49.541+0000] {standard_task_runner.py:82} INFO - Running: ['airflow', 'tasks', 'run', 'ETL', 'START', 'manual__2024-09-29T16:38:45.784513+00:00', '--job-id', '274', '--raw', '--subdir', 'DAGS_FOLDER/first_dag.py', '--cfg-path', '/tmp/tmpj3t0lbi9']
[2024-09-29T16:38:49.543+0000] {standard_task_runner.py:83} INFO - Job 274: Subtask START
[2024-09-29T16:38:49.638+0000] {task_command.py:389} INFO - Running <TaskInstance: ETL.START manual__2024-09-29T16:38:45.784513+00:00 [running]> on host a8bd47e3eb35
[2024-09-29T16:38:49.737+0000] {taskinstance.py:1513} INFO - Exporting the following env vars:
AIRFLOW_CTX_DAG_OWNER=airflow
AIRFLOW_CTX_DAG_ID=ETL
AIRFLOW_CTX_TASK_ID=START
AIRFLOW_CTX_EXECUTION_DATE=2024-09-29T16:38:45.784513+00:00
AIRFLOW_CTX_TRY_NUMBER=1
AIRFLOW_CTX_DAG_RUN_ID=manual__2024-09-29T16:38:45.784513+00:00
[2024-09-29T16:38:49.738+0000] {logging_mixin.py:137} INFO - Starting the ETL process.
[2024-09-29T16:38:49.739+0000] {python.py:177} INFO - Done. Returned value was: None
[2024-09-29T16:38:49.752+0000] {taskinstance.py:1327} INFO - Marking task as SUCCESS. dag_id=ETL, task_id=START, execution_date=20240929T163845, start_date=20240929T163849, end_date=20240929T163849
[2024-09-29T16:38:49.795+0000] {local_task_job.py:159} INFO - Task exited with return code 0
[2024-09-29T16:38:49.849+0000] {taskinstance.py:2582} INFO - 1 downstream tasks scheduled from follow-on schedule check
